In file included from ../src\BitStream.cpp:4:
In file included from C:\Program Files\Microsoft Visual Studio\2022\Community\VC\Tools\MSVC\14.44.35207\include\algorithm:8:
C:\Program Files\Microsoft Visual Studio\2022\Community\VC\Tools\MSVC\14.44.35207\include\yvals_core.h:908:1: error: static assertion failed: error STL1000: Unexpected compiler version, expected Clang 19.0.0 or newer.
  908 | _EMIT_STL_ERROR(STL1000, "Unexpected compiler version, expected Clang 19.0.0 or newer.");
      | ^~~~~~~~~~~~~~~~~~~~~~~~~~~~~~~~~~~~~~~~~~~~~~~~~~~~~~~~~~~~~~~~~~~~~~~~~~~~~~~~~~~~~~~~
C:\Program Files\Microsoft Visual Studio\2022\Community\VC\Tools\MSVC\14.44.35207\include\yvals_core.h:534:58: note: expanded from macro '_EMIT_STL_ERROR'
  534 | #define _EMIT_STL_ERROR(NUMBER, MESSAGE)   static_assert(false, "error " #NUMBER ": " MESSAGE)
      |                                                          ^~~~~
1 error generated.
In file included from ../src\Compressor.cpp:4:
In file included from C:\Program Files\Microsoft Visual Studio\2022\Community\VC\Tools\MSVC\14.44.35207\include\cassert:7:
C:\Program Files\Microsoft Visual Studio\2022\Community\VC\Tools\MSVC\14.44.35207\include\yvals_core.h:908:1: error: static assertion failed: error STL1000: Unexpected compiler version, expected Clang 19.0.0 or newer.
  908 | _EMIT_STL_ERROR(STL1000, "Unexpected compiler version, expected Clang 19.0.0 or newer.");
      | ^~~~~~~~~~~~~~~~~~~~~~~~~~~~~~~~~~~~~~~~~~~~~~~~~~~~~~~~~~~~~~~~~~~~~~~~~~~~~~~~~~~~~~~~
C:\Program Files\Microsoft Visual Studio\2022\Community\VC\Tools\MSVC\14.44.35207\include\yvals_core.h:534:58: note: expanded from macro '_EMIT_STL_ERROR'
  534 | #define _EMIT_STL_ERROR(NUMBER, MESSAGE)   static_assert(false, "error " #NUMBER ": " MESSAGE)
      |                                                          ^~~~~
1 error generated.
In file included from ../src\Decompressor.cpp:4:
In file included from ../src\CommonTypes.h:7:
In file included from C:\Program Files\Microsoft Visual Studio\2022\Community\VC\Tools\MSVC\14.44.35207\include\cstdint:8:
C:\Program Files\Microsoft Visual Studio\2022\Community\VC\Tools\MSVC\14.44.35207\include\yvals_core.h:908:1: error: static assertion failed: error STL1000: Unexpected compiler version, expected Clang 19.0.0 or newer.
  908 | _EMIT_STL_ERROR(STL1000, "Unexpected compiler version, expected Clang 19.0.0 or newer.");
      | ^~~~~~~~~~~~~~~~~~~~~~~~~~~~~~~~~~~~~~~~~~~~~~~~~~~~~~~~~~~~~~~~~~~~~~~~~~~~~~~~~~~~~~~~
C:\Program Files\Microsoft Visual Studio\2022\Community\VC\Tools\MSVC\14.44.35207\include\yvals_core.h:534:58: note: expanded from macro '_EMIT_STL_ERROR'
  534 | #define _EMIT_STL_ERROR(NUMBER, MESSAGE)   static_assert(false, "error " #NUMBER ": " MESSAGE)
      |                                                          ^~~~~
1 error generated.
In file included from ../src\DijkstraParser.cpp:4:
In file included from ../src\DijkstraParser.h:7:
In file included from C:\Program Files\Microsoft Visual Studio\2022\Community\VC\Tools\MSVC\14.44.35207\include\unordered_map:8:
C:\Program Files\Microsoft Visual Studio\2022\Community\VC\Tools\MSVC\14.44.35207\include\yvals_core.h:908:1: error: static assertion failed: error STL1000: Unexpected compiler version, expected Clang 19.0.0 or newer.
  908 | _EMIT_STL_ERROR(STL1000, "Unexpected compiler version, expected Clang 19.0.0 or newer.");
      | ^~~~~~~~~~~~~~~~~~~~~~~~~~~~~~~~~~~~~~~~~~~~~~~~~~~~~~~~~~~~~~~~~~~~~~~~~~~~~~~~~~~~~~~~
C:\Program Files\Microsoft Visual Studio\2022\Community\VC\Tools\MSVC\14.44.35207\include\yvals_core.h:534:58: note: expanded from macro '_EMIT_STL_ERROR'
  534 | #define _EMIT_STL_ERROR(NUMBER, MESSAGE)   static_assert(false, "error " #NUMBER ": " MESSAGE)
      |                                                          ^~~~~
1 error generated.
In file included from ../src\Formats.cpp:4:
In file included from ../src\Formats.h:7:
In file included from C:\Program Files\Microsoft Visual Studio\2022\Community\VC\Tools\MSVC\14.44.35207\include\memory:8:
C:\Program Files\Microsoft Visual Studio\2022\Community\VC\Tools\MSVC\14.44.35207\include\yvals_core.h:908:1: error: static assertion failed: error STL1000: Unexpected compiler version, expected Clang 19.0.0 or newer.
  908 | _EMIT_STL_ERROR(STL1000, "Unexpected compiler version, expected Clang 19.0.0 or newer.");
      | ^~~~~~~~~~~~~~~~~~~~~~~~~~~~~~~~~~~~~~~~~~~~~~~~~~~~~~~~~~~~~~~~~~~~~~~~~~~~~~~~~~~~~~~~
C:\Program Files\Microsoft Visual Studio\2022\Community\VC\Tools\MSVC\14.44.35207\include\yvals_core.h:534:58: note: expanded from macro '_EMIT_STL_ERROR'
  534 | #define _EMIT_STL_ERROR(NUMBER, MESSAGE)   static_assert(false, "error " #NUMBER ": " MESSAGE)
      |                                                          ^~~~~
1 error generated.
In file included from ../src\Main.cpp:4:
In file included from C:\Program Files\Microsoft Visual Studio\2022\Community\VC\Tools\MSVC\14.44.35207\include\cstdio:8:
C:\Program Files\Microsoft Visual Studio\2022\Community\VC\Tools\MSVC\14.44.35207\include\yvals_core.h:908:1: error: static assertion failed: error STL1000: Unexpected compiler version, expected Clang 19.0.0 or newer.
  908 | _EMIT_STL_ERROR(STL1000, "Unexpected compiler version, expected Clang 19.0.0 or newer.");
      | ^~~~~~~~~~~~~~~~~~~~~~~~~~~~~~~~~~~~~~~~~~~~~~~~~~~~~~~~~~~~~~~~~~~~~~~~~~~~~~~~~~~~~~~~
C:\Program Files\Microsoft Visual Studio\2022\Community\VC\Tools\MSVC\14.44.35207\include\yvals_core.h:534:58: note: expanded from macro '_EMIT_STL_ERROR'
  534 | #define _EMIT_STL_ERROR(NUMBER, MESSAGE)   static_assert(false, "error " #NUMBER ": " MESSAGE)
      |                                                          ^~~~~
1 error generated.
In file included from ../src\OptimalParser.cpp:4:
In file included from ../src\OptimalParser.h:7:
In file included from C:\Program Files\Microsoft Visual Studio\2022\Community\VC\Tools\MSVC\14.44.35207\include\vector:8:
C:\Program Files\Microsoft Visual Studio\2022\Community\VC\Tools\MSVC\14.44.35207\include\yvals_core.h:908:1: error: static assertion failed: error STL1000: Unexpected compiler version, expected Clang 19.0.0 or newer.
  908 | _EMIT_STL_ERROR(STL1000, "Unexpected compiler version, expected Clang 19.0.0 or newer.");
      | ^~~~~~~~~~~~~~~~~~~~~~~~~~~~~~~~~~~~~~~~~~~~~~~~~~~~~~~~~~~~~~~~~~~~~~~~~~~~~~~~~~~~~~~~
C:\Program Files\Microsoft Visual Studio\2022\Community\VC\Tools\MSVC\14.44.35207\include\yvals_core.h:534:58: note: expanded from macro '_EMIT_STL_ERROR'
  534 | #define _EMIT_STL_ERROR(NUMBER, MESSAGE)   static_assert(false, "error " #NUMBER ": " MESSAGE)
      |                                                          ^~~~~
1 error generated.
In file included from ../src\PrefixMatcher.cpp:4:
In file included from C:\Program Files\Microsoft Visual Studio\2022\Community\VC\Tools\MSVC\14.44.35207\include\cassert:7:
C:\Program Files\Microsoft Visual Studio\2022\Community\VC\Tools\MSVC\14.44.35207\include\yvals_core.h:908:1: error: static assertion failed: error STL1000: Unexpected compiler version, expected Clang 19.0.0 or newer.
  908 | _EMIT_STL_ERROR(STL1000, "Unexpected compiler version, expected Clang 19.0.0 or newer.");
      | ^~~~~~~~~~~~~~~~~~~~~~~~~~~~~~~~~~~~~~~~~~~~~~~~~~~~~~~~~~~~~~~~~~~~~~~~~~~~~~~~~~~~~~~~
C:\Program Files\Microsoft Visual Studio\2022\Community\VC\Tools\MSVC\14.44.35207\include\yvals_core.h:534:58: note: expanded from macro '_EMIT_STL_ERROR'
  534 | #define _EMIT_STL_ERROR(NUMBER, MESSAGE)   static_assert(false, "error " #NUMBER ": " MESSAGE)
      |                                                          ^~~~~
1 error generated.
In file included from ../src\Tests.cpp:1:
In file included from C:\Program Files\Microsoft Visual Studio\2022\Community\VC\Tools\MSVC\14.44.35207\include\ctime:8:
C:\Program Files\Microsoft Visual Studio\2022\Community\VC\Tools\MSVC\14.44.35207\include\yvals_core.h:908:1: error: static assertion failed: error STL1000: Unexpected compiler version, expected Clang 19.0.0 or newer.
  908 | _EMIT_STL_ERROR(STL1000, "Unexpected compiler version, expected Clang 19.0.0 or newer.");
      | ^~~~~~~~~~~~~~~~~~~~~~~~~~~~~~~~~~~~~~~~~~~~~~~~~~~~~~~~~~~~~~~~~~~~~~~~~~~~~~~~~~~~~~~~
C:\Program Files\Microsoft Visual Studio\2022\Community\VC\Tools\MSVC\14.44.35207\include\yvals_core.h:534:58: note: expanded from macro '_EMIT_STL_ERROR'
  534 | #define _EMIT_STL_ERROR(NUMBER, MESSAGE)   static_assert(false, "error " #NUMBER ": " MESSAGE)
      |                                                          ^~~~~
../src\Tests.cpp:44:39: warning: format specifies type 'int' but the argument has type 'size_t' (aka 'unsigned long long') [-Wformat]
   44 |         printf("Test iteration %d\n", attempt);
      |                                ~~     ^~~~~~~
      |                                %zu
1 warning and 1 error generated.
In file included from ../src\UniversalCodes.cpp:4:
In file included from C:\Program Files\Microsoft Visual Studio\2022\Community\VC\Tools\MSVC\14.44.35207\include\cassert:7:
C:\Program Files\Microsoft Visual Studio\2022\Community\VC\Tools\MSVC\14.44.35207\include\yvals_core.h:908:1: error: static assertion failed: error STL1000: Unexpected compiler version, expected Clang 19.0.0 or newer.
  908 | _EMIT_STL_ERROR(STL1000, "Unexpected compiler version, expected Clang 19.0.0 or newer.");
      | ^~~~~~~~~~~~~~~~~~~~~~~~~~~~~~~~~~~~~~~~~~~~~~~~~~~~~~~~~~~~~~~~~~~~~~~~~~~~~~~~~~~~~~~~
C:\Program Files\Microsoft Visual Studio\2022\Community\VC\Tools\MSVC\14.44.35207\include\yvals_core.h:534:58: note: expanded from macro '_EMIT_STL_ERROR'
  534 | #define _EMIT_STL_ERROR(NUMBER, MESSAGE)   static_assert(false, "error " #NUMBER ": " MESSAGE)
      |                                                          ^~~~~
1 error generated.
